2025-03-16T08:24:38 | touched: Cargo.toml
2026-01-08T03:15:35 | touched: Cargo.toml
2026-01-14T20:34:16 | touched: src/main.rs
2026-01-03T18:18:21 | touched: README.md
2025-12-04T15:20:40 | touched: Cargo.toml
2025-03-05T10:22:31 | touched: src/lib.rs
2025-05-20T15:22:23 | touched: LICENSE
2025-06-19T18:26:04 | touched: Cargo.toml
2025-12-27T11:01:56 | touched: src/lib.rs
2025-11-25T04:08:41 | touched: LICENSE
2025-12-03T18:54:00 | touched: src/lib.rs
2025-09-18T19:37:02 | touched: src/main.rs
2025-10-18T01:49:55 | touched: Cargo.toml
2025-12-30T17:07:04 | touched: Cargo.toml
2025-11-25T02:58:51 | touched: LICENSE
2025-04-11T09:25:27 | touched: LICENSE
2025-12-20T22:48:19 | touched: README.md
2025-10-09T17:36:00 | touched: LICENSE
2025-03-05T12:52:54 | touched: README.md
2025-12-14T13:43:44 | touched: src/main.rs
2025-06-06T22:24:45 | touched: src/main.rs
2025-02-21T21:27:54 | touched: src/lib.rs
2025-04-01T06:29:07 | touched: src/main.rs
2025-04-02T10:12:16 | touched: src/lib.rs
2025-09-20T20:41:57 | touched: README.md
2025-12-18T18:09:53 | touched: src/main.rs
2025-02-26T18:24:21 | touched: Cargo.toml
2025-03-01T01:17:56 | touched: LICENSE
2025-03-02T06:53:23 | touched: Cargo.toml
2025-12-12T01:41:29 | touched: README.md
2025-06-22T08:01:07 | touched: Cargo.toml
2025-02-26T07:52:54 | touched: Cargo.toml
